# JRE version: Java(TM) SE Runtime Environment (8.0_151-b12) (build 1.8.0_151-b12)
# Java VM: Java HotSpot(TM) 64-Bit Server VM (25.151-b12 mixed mode linux-amd64 compressed oops)
Heap:
 PSYoungGen      total 570880K, used 45768K [0x000000076cd80000, 0x0000000793080000, 0x00000007c0000000)
  eden space 516096K, 0% used [0x000000076cd80000,0x000000076cd80000,0x000000078c580000)
  from space 54784K, 83% used [0x000000078c580000,0x000000078f232090,0x000000078fb00000)
  to   space 51200K, 0% used [0x000000078fe80000,0x000000078fe80000,0x0000000793080000)
 ParOldGen       total 171008K, used 111582K [0x00000006c6800000, 0x00000006d0f00000, 0x000000076cd80000)
  object space 171008K, 65% used [0x00000006c6800000,0x00000006cd4f7bf8,0x00000006d0f00000)
 Metaspace       used 12048K, capacity 12130K, committed 12288K, reserved 1060864K
  class space    used 1453K, capacity 1459K, committed 1536K, reserved 1048576K
GC Heap History (10 events):
Event: 2,261 GC heap after
Heap after GC invocations=2 (full 0):
 PSYoungGen      total 139264K, used 10211K [0x000000076cd80000, 0x0000000775f80000, 0x00000007c0000000)
  eden space 129024K, 0% used [0x000000076cd80000,0x000000076cd80000,0x0000000774b80000)
  from space 10240K, 99% used [0x0000000775580000,0x0000000775f78f98,0x0000000775f80000)
  to   space 10240K, 0% used [0x0000000774b80000,0x0000000774b80000,0x0000000775580000)
 ParOldGen       total 171008K, used 25371K [0x00000006c6800000, 0x00000006d0f00000, 0x000000076cd80000)
  object space 171008K, 14% used [0x00000006c6800000,0x00000006c80c6ce8,0x00000006d0f00000)
 Metaspace       used 11356K, capacity 11490K, committed 11776K, reserved 1058816K
  class space    used 1412K, capacity 1459K, committed 1536K, reserved 1048576K
}
Event: 3,580 GC heap before
{Heap before GC invocations=3 (full 0):
 PSYoungGen      total 139264K, used 139235K [0x000000076cd80000, 0x0000000775f80000, 0x00000007c0000000)
  eden space 129024K, 100% used [0x000000076cd80000,0x0000000774b80000,0x0000000774b80000)
  from space 10240K, 99% used [0x0000000775580000,0x0000000775f78f98,0x0000000775f80000)
  to   space 10240K, 0% used [0x0000000774b80000,0x0000000774b80000,0x0000000775580000)
 ParOldGen       total 171008K, used 25371K [0x00000006c6800000, 0x00000006d0f00000, 0x000000076cd80000)
  object space 171008K, 14% used [0x00000006c6800000,0x00000006c80c6ce8,0x00000006d0f00000)
 Metaspace       used 11362K, capacity 11490K, committed 11776K, reserved 1058816K
  class space    used 1412K, capacity 1459K, committed 1536K, reserved 1048576K
Event: 3,646 GC heap after
Heap after GC invocations=3 (full 0):
 PSYoungGen      total 139264K, used 10227K [0x000000076cd80000, 0x000000077dd80000, 0x00000007c0000000)
  eden space 129024K, 0% used [0x000000076cd80000,0x000000076cd80000,0x0000000774b80000)
  from space 10240K, 99% used [0x0000000774b80000,0x000000077557cf38,0x0000000775580000)
  to   space 10240K, 0% used [0x000000077d380000,0x000000077d380000,0x000000077dd80000)
 ParOldGen       total 171008K, used 48569K [0x00000006c6800000, 0x00000006d0f00000, 0x000000076cd80000)
  object space 171008K, 28% used [0x00000006c6800000,0x00000006c976e5c8,0x00000006d0f00000)
 Metaspace       used 11362K, capacity 11490K, committed 11776K, reserved 1058816K
  class space    used 1412K, capacity 1459K, committed 1536K, reserved 1048576K
}
Event: 4,082 GC heap before
{Heap before GC invocations=4 (full 0):
 PSYoungGen      total 139264K, used 139251K [0x000000076cd80000, 0x000000077dd80000, 0x00000007c0000000)
  eden space 129024K, 100% used [0x000000076cd80000,0x0000000774b80000,0x0000000774b80000)
  from space 10240K, 99% used [0x0000000774b80000,0x000000077557cf38,0x0000000775580000)
  to   space 10240K, 0% used [0x000000077d380000,0x000000077d380000,0x000000077dd80000)
 ParOldGen       total 171008K, used 48569K [0x00000006c6800000, 0x00000006d0f00000, 0x000000076cd80000)
  object space 171008K, 28% used [0x00000006c6800000,0x00000006c976e5c8,0x00000006d0f00000)
 Metaspace       used 11508K, capacity 11618K, committed 11776K, reserved 1058816K
  class space    used 1427K, capacity 1459K, committed 1536K, reserved 1048576K
Event: 4,204 GC heap after
Heap after GC invocations=4 (full 0):
 PSYoungGen      total 268288K, used 10208K [0x000000076cd80000, 0x000000077dd80000, 0x00000007c0000000)
  eden space 258048K, 0% used [0x000000076cd80000,0x000000076cd80000,0x000000077c980000)
  from space 10240K, 99% used [0x000000077d380000,0x000000077dd78010,0x000000077dd80000)
  to   space 10240K, 0% used [0x000000077c980000,0x000000077c980000,0x000000077d380000)
 ParOldGen       total 171008K, used 94694K [0x00000006c6800000, 0x00000006d0f00000, 0x000000076cd80000)
  object space 171008K, 55% used [0x00000006c6800000,0x00000006cc479b08,0x00000006d0f00000)
 Metaspace       used 11508K, capacity 11618K, committed 11776K, reserved 1058816K
  class space    used 1427K, capacity 1459K, committed 1536K, reserved 1048576K
}
Event: 4,607 GC heap before
{Heap before GC invocations=5 (full 0):
 PSYoungGen      total 268288K, used 268256K [0x000000076cd80000, 0x000000077dd80000, 0x00000007c0000000)
  eden space 258048K, 100% used [0x000000076cd80000,0x000000077c980000,0x000000077c980000)
  from space 10240K, 99% used [0x000000077d380000,0x000000077dd78010,0x000000077dd80000)
  to   space 10240K, 0% used [0x000000077c980000,0x000000077c980000,0x000000077d380000)
 ParOldGen       total 171008K, used 94694K [0x00000006c6800000, 0x00000006d0f00000, 0x000000076cd80000)
  object space 171008K, 55% used [0x00000006c6800000,0x00000006cc479b08,0x00000006d0f00000)
 Metaspace       used 11520K, capacity 11618K, committed 11776K, reserved 1058816K
  class space    used 1427K, capacity 1459K, committed 1536K, reserved 1048576K
Event: 4,675 GC heap after
Heap after GC invocations=5 (full 0):
 PSYoungGen      total 268288K, used 10227K [0x000000076cd80000, 0x0000000793780000, 0x00000007c0000000)
  eden space 258048K, 0% used [0x000000076cd80000,0x000000076cd80000,0x000000077c980000)
  from space 10240K, 99% used [0x000000077c980000,0x000000077d37cf48,0x000000077d380000)
  to   space 58368K, 0% used [0x000000078fe80000,0x000000078fe80000,0x0000000793780000)
 ParOldGen       total 171008K, used 106670K [0x00000006c6800000, 0x00000006d0f00000, 0x000000076cd80000)
  object space 171008K, 62% used [0x00000006c6800000,0x00000006cd02bb78,0x00000006d0f00000)
 Metaspace       used 11520K, capacity 11618K, committed 11776K, reserved 1058816K
  class space    used 1427K, capacity 1459K, committed 1536K, reserved 1048576K
}
Event: 4,855 GC heap before
{Heap before GC invocations=6 (full 0):
 PSYoungGen      total 268288K, used 268275K [0x000000076cd80000, 0x0000000793780000, 0x00000007c0000000)
  eden space 258048K, 100% used [0x000000076cd80000,0x000000077c980000,0x000000077c980000)
  from space 10240K, 99% used [0x000000077c980000,0x000000077d37cf48,0x000000077d380000)
  to   space 58368K, 0% used [0x000000078fe80000,0x000000078fe80000,0x0000000793780000)
 ParOldGen       total 171008K, used 106670K [0x00000006c6800000, 0x00000006d0f00000, 0x000000076cd80000)
  object space 171008K, 62% used [0x00000006c6800000,0x00000006cd02bb78,0x00000006d0f00000)
 Metaspace       used 11543K, capacity 11618K, committed 11776K, reserved 1058816K
  class space    used 1427K, capacity 1459K, committed 1536K, reserved 1048576K
Event: 4,918 GC heap after
Heap after GC invocations=6 (full 0):
 PSYoungGen      total 567296K, used 27728K [0x000000076cd80000, 0x0000000793080000, 0x00000007c0000000)
  eden space 516096K, 0% used [0x000000076cd80000,0x000000076cd80000,0x000000078c580000)
  from space 51200K, 54% used [0x000000078fe80000,0x0000000791994080,0x0000000793080000)
  to   space 54784K, 0% used [0x000000078c580000,0x000000078c580000,0x000000078fb00000)
 ParOldGen       total 171008K, used 106670K [0x00000006c6800000, 0x00000006d0f00000, 0x000000076cd80000)
  object space 171008K, 62% used [0x00000006c6800000,0x00000006cd02bb78,0x00000006d0f00000)
 Metaspace       used 11543K, capacity 11618K, committed 11776K, reserved 1058816K
  class space    used 1427K, capacity 1459K, committed 1536K, reserved 1048576K
}
Event: 15,170 GC heap before
{Heap before GC invocations=7 (full 0):
 PSYoungGen      total 567296K, used 543824K [0x000000076cd80000, 0x0000000793080000, 0x00000007c0000000)
  eden space 516096K, 100% used [0x000000076cd80000,0x000000078c580000,0x000000078c580000)
  from space 51200K, 54% used [0x000000078fe80000,0x0000000791994080,0x0000000793080000)
  to   space 54784K, 0% used [0x000000078c580000,0x000000078c580000,0x000000078fb00000)
 ParOldGen       total 171008K, used 106670K [0x00000006c6800000, 0x00000006d0f00000, 0x000000076cd80000)
  object space 171008K, 62% used [0x00000006c6800000,0x00000006cd02bb78,0x00000006d0f00000)
 Metaspace       used 12048K, capacity 12130K, committed 12288K, reserved 1060864K
  class space    used 1453K, capacity 1459K, committed 1536K, reserved 1048576K

